S0N0: 2023/09/18 22:06:51 messageHandle.go:28: S0N0 get sequenceLock locked, now trying to propose...
S0N0: 2023/09/18 22:06:51 messageHandle.go:35: S0N0 put the request into the pool ...
S0N0: 2023/09/18 22:06:51 messageHandle.go:94: S0N0 : received the Prepare ...
S0N0: 2023/09/18 22:06:51 messageHandle.go:94: S0N0 : received the Prepare ...
S0N0: 2023/09/18 22:06:51 messageHandle.go:125: S0N0 : is going to commit
S0N0: 2023/09/18 22:06:51 messageHandle.go:139: S0N0 : commit is broadcast
S0N0: 2023/09/18 22:06:51 messageHandle.go:94: S0N0 : received the Prepare ...
S0N0: 2023/09/18 22:06:51 messageHandle.go:151: S0N0 received the Commit from ...2
S0N0: 2023/09/18 22:06:51 messageHandle.go:151: S0N0 received the Commit from ...3
S0N0: 2023/09/18 22:06:51 messageHandle.go:163: S0N0 : has received 2f + 1 commits ... 
S0N0: 2023/09/18 22:06:51 pbftInside_modCLPABroker.go:87: S0N0 : adding the block 1...now height = 0 
S0N0: 2023/09/18 22:06:51 pbftInside_modCLPABroker.go:89: S0N0 : added the block 1... 
S0N0: 2023/09/18 22:06:51 pbftInside_modCLPABroker.go:94: S0N0 : main node is trying to send broker confirm txs at height = 1 
S0N0: 2023/09/18 22:06:51 pbftInside_modCLPABroker.go:182: S0N0 : sended excuted txs
S0N0: 2023/09/18 22:06:51 messageHandle.go:192: S0N0: this round of pbft 1 is end 
S0N0: 2023/09/18 22:06:51 messageHandle.go:199: S0N0 get sequenceLock unlocked...
S0N0: 2023/09/18 22:06:51 messageHandle.go:151: S0N0 received the Commit from ...1
S0N0: 2023/09/18 22:06:55 pbftOutside_modCLPABroker.go:57: S0N0 : has handled injected txs msg, txs: 1000 
S0N0: 2023/09/18 22:06:56 messageHandle.go:28: S0N0 get sequenceLock locked, now trying to propose...
S0N0: 2023/09/18 22:06:56 messageHandle.go:35: S0N0 put the request into the pool ...
S0N0: 2023/09/18 22:06:56 messageHandle.go:94: S0N0 : received the Prepare ...
S0N0: 2023/09/18 22:06:56 messageHandle.go:94: S0N0 : received the Prepare ...
S0N0: 2023/09/18 22:06:56 messageHandle.go:125: S0N0 : is going to commit
S0N0: 2023/09/18 22:06:56 messageHandle.go:139: S0N0 : commit is broadcast
S0N0: 2023/09/18 22:06:56 messageHandle.go:151: S0N0 received the Commit from ...1
S0N0: 2023/09/18 22:06:56 messageHandle.go:94: S0N0 : received the Prepare ...
S0N0: 2023/09/18 22:06:56 messageHandle.go:151: S0N0 received the Commit from ...3
S0N0: 2023/09/18 22:06:56 messageHandle.go:163: S0N0 : has received 2f + 1 commits ... 
S0N0: 2023/09/18 22:06:56 pbftInside_modCLPABroker.go:87: S0N0 : adding the block 2...now height = 1 
S0N0: 2023/09/18 22:06:56 pbftInside_modCLPABroker.go:89: S0N0 : added the block 2... 
S0N0: 2023/09/18 22:06:56 pbftInside_modCLPABroker.go:94: S0N0 : main node is trying to send broker confirm txs at height = 2 
S0N0: 2023/09/18 22:06:56 pbftInside_modCLPABroker.go:182: S0N0 : sended excuted txs
S0N0: 2023/09/18 22:06:56 messageHandle.go:192: S0N0: this round of pbft 2 is end 
S0N0: 2023/09/18 22:06:56 messageHandle.go:199: S0N0 get sequenceLock unlocked...
S0N0: 2023/09/18 22:06:56 messageHandle.go:151: S0N0 received the Commit from ...2
S0N0: 2023/09/18 22:06:56 pbftOutside_modCLPABroker.go:57: S0N0 : has handled injected txs msg, txs: 1000 
S0N0: 2023/09/18 22:06:57 pbftOutside_modCLPABroker.go:57: S0N0 : has handled injected txs msg, txs: 1000 
S0N0: 2023/09/18 22:06:58 pbftOutside_modCLPABroker.go:57: S0N0 : has handled injected txs msg, txs: 1000 
S0N0: 2023/09/18 22:06:59 pbftOutside_modCLPABroker.go:57: S0N0 : has handled injected txs msg, txs: 1000 
S0N0: 2023/09/18 22:07:01 pbftOutside_modCLPABroker.go:57: S0N0 : has handled injected txs msg, txs: 1000 
S0N0: 2023/09/18 22:07:01 messageHandle.go:28: S0N0 get sequenceLock locked, now trying to propose...
S0N0: 2023/09/18 22:07:01 messageHandle.go:35: S0N0 put the request into the pool ...
S0N0: 2023/09/18 22:07:01 messageHandle.go:94: S0N0 : received the Prepare ...
S0N0: 2023/09/18 22:07:01 messageHandle.go:94: S0N0 : received the Prepare ...
S0N0: 2023/09/18 22:07:01 messageHandle.go:125: S0N0 : is going to commit
S0N0: 2023/09/18 22:07:01 messageHandle.go:139: S0N0 : commit is broadcast
S0N0: 2023/09/18 22:07:01 messageHandle.go:151: S0N0 received the Commit from ...3
S0N0: 2023/09/18 22:07:01 messageHandle.go:94: S0N0 : received the Prepare ...
S0N0: 2023/09/18 22:07:01 messageHandle.go:151: S0N0 received the Commit from ...1
S0N0: 2023/09/18 22:07:01 messageHandle.go:163: S0N0 : has received 2f + 1 commits ... 
S0N0: 2023/09/18 22:07:01 pbftInside_modCLPABroker.go:87: S0N0 : adding the block 3...now height = 2 
S0N0: 2023/09/18 22:07:01 pbftInside_modCLPABroker.go:89: S0N0 : added the block 3... 
S0N0: 2023/09/18 22:07:01 pbftInside_modCLPABroker.go:94: S0N0 : main node is trying to send broker confirm txs at height = 3 
S0N0: 2023/09/18 22:07:01 pbftInside_modCLPABroker.go:182: S0N0 : sended excuted txs
S0N0: 2023/09/18 22:07:01 messageHandle.go:192: S0N0: this round of pbft 3 is end 
S0N0: 2023/09/18 22:07:01 messageHandle.go:199: S0N0 get sequenceLock unlocked...
S0N0: 2023/09/18 22:07:01 messageHandle.go:151: S0N0 received the Commit from ...2
S0N0: 2023/09/18 22:07:02 pbftOutside_modCLPABroker.go:57: S0N0 : has handled injected txs msg, txs: 1000 
S0N0: 2023/09/18 22:07:03 pbftOutside_modCLPABroker.go:57: S0N0 : has handled injected txs msg, txs: 1000 
S0N0: 2023/09/18 22:07:04 pbftOutside_modCLPABroker.go:57: S0N0 : has handled injected txs msg, txs: 1000 
S0N0: 2023/09/18 22:07:05 pbftOutside_modCLPABroker.go:57: S0N0 : has handled injected txs msg, txs: 1000 
S0N0: 2023/09/18 22:07:06 messageHandle.go:28: S0N0 get sequenceLock locked, now trying to propose...
S0N0: 2023/09/18 22:07:06 messageHandle.go:35: S0N0 put the request into the pool ...
S0N0: 2023/09/18 22:07:06 messageHandle.go:94: S0N0 : received the Prepare ...
S0N0: 2023/09/18 22:07:06 messageHandle.go:94: S0N0 : received the Prepare ...
S0N0: 2023/09/18 22:07:06 messageHandle.go:125: S0N0 : is going to commit
S0N0: 2023/09/18 22:07:06 messageHandle.go:139: S0N0 : commit is broadcast
S0N0: 2023/09/18 22:07:06 messageHandle.go:151: S0N0 received the Commit from ...3
S0N0: 2023/09/18 22:07:06 messageHandle.go:151: S0N0 received the Commit from ...1
S0N0: 2023/09/18 22:07:06 messageHandle.go:163: S0N0 : has received 2f + 1 commits ... 
S0N0: 2023/09/18 22:07:06 pbftInside_modCLPABroker.go:87: S0N0 : adding the block 4...now height = 3 
S0N0: 2023/09/18 22:07:06 pbftInside_modCLPABroker.go:89: S0N0 : added the block 4... 
S0N0: 2023/09/18 22:07:06 pbftInside_modCLPABroker.go:94: S0N0 : main node is trying to send broker confirm txs at height = 4 
S0N0: 2023/09/18 22:07:06 pbftInside_modCLPABroker.go:182: S0N0 : sended excuted txs
S0N0: 2023/09/18 22:07:06 messageHandle.go:192: S0N0: this round of pbft 4 is end 
S0N0: 2023/09/18 22:07:06 messageHandle.go:199: S0N0 get sequenceLock unlocked...
S0N0: 2023/09/18 22:07:06 messageHandle.go:94: S0N0 : received the Prepare ...
S0N0: 2023/09/18 22:07:06 messageHandle.go:151: S0N0 received the Commit from ...2
S0N0: 2023/09/18 22:07:11 messageHandle.go:28: S0N0 get sequenceLock locked, now trying to propose...
S0N0: 2023/09/18 22:07:11 messageHandle.go:35: S0N0 put the request into the pool ...
S0N0: 2023/09/18 22:07:11 messageHandle.go:94: S0N0 : received the Prepare ...
S0N0: 2023/09/18 22:07:11 messageHandle.go:94: S0N0 : received the Prepare ...
S0N0: 2023/09/18 22:07:11 messageHandle.go:125: S0N0 : is going to commit
S0N0: 2023/09/18 22:07:11 messageHandle.go:139: S0N0 : commit is broadcast
S0N0: 2023/09/18 22:07:11 messageHandle.go:151: S0N0 received the Commit from ...2
S0N0: 2023/09/18 22:07:11 messageHandle.go:94: S0N0 : received the Prepare ...
S0N0: 2023/09/18 22:07:11 messageHandle.go:151: S0N0 received the Commit from ...1
S0N0: 2023/09/18 22:07:11 messageHandle.go:163: S0N0 : has received 2f + 1 commits ... 
S0N0: 2023/09/18 22:07:11 pbftInside_modCLPABroker.go:87: S0N0 : adding the block 5...now height = 4 
S0N0: 2023/09/18 22:07:11 pbftInside_modCLPABroker.go:89: S0N0 : added the block 5... 
S0N0: 2023/09/18 22:07:11 pbftInside_modCLPABroker.go:94: S0N0 : main node is trying to send broker confirm txs at height = 5 
S0N0: 2023/09/18 22:07:11 pbftInside_modCLPABroker.go:182: S0N0 : sended excuted txs
S0N0: 2023/09/18 22:07:11 messageHandle.go:192: S0N0: this round of pbft 5 is end 
S0N0: 2023/09/18 22:07:11 messageHandle.go:199: S0N0 get sequenceLock unlocked...
S0N0: 2023/09/18 22:07:11 messageHandle.go:151: S0N0 received the Commit from ...3
S0N0: 2023/09/18 22:07:12 pbft.go:253: handling stop message
S0N0: 2023/09/18 22:07:16 messageHandle.go:28: S0N0 get sequenceLock locked, now trying to propose...
S0N0: 2023/09/18 22:07:16 messageHandle.go:35: S0N0 put the request into the pool ...
S0N0: 2023/09/18 22:07:16 messageHandle.go:21: S0N0 stop...
:94: S0N0 : received the Prepare ...
S0N0: 2023/09/13 18:17:01 messageHandle.go:125: S0N0 : is going to commit
S0N0: 2023/09/13 18:17:01 messageHandle.go:139: S0N0 : commit is broadcast
S0N0: 2023/09/13 18:17:01 messageHandle.go:151: S0N0 received the Commit from ...1
S0N0: 2023/09/13 18:17:01 messageHandle.go:151: S0N0 received the Commit from ...2
S0N0: 2023/09/13 18:17:01 messageHandle.go:163: S0N0 : has received 2f + 1 commits ... 
S0N0: 2023/09/13 18:17:01 pbftInside_modCLPABroker.go:87: S0N0 : adding the block 6...now height = 5 
S0N0: 2023/09/13 18:17:01 pbftInside_modCLPABroker.go:89: S0N0 : added the block 6... 
S0N0: 2023/09/13 18:17:01 pbftInside_modCLPABroker.go:94: S0N0 : main node is trying to send broker confirm txs at height = 6 
S0N0: 2023/09/13 18:17:01 pbftInside_modCLPABroker.go:173: S0N0 : sended excuted txs
S0N0: 2023/09/13 18:17:01 messageHandle.go:192: S0N0: this round of pbft 6 is end 
S0N0: 2023/09/13 18:17:01 messageHandle.go:199: S0N0 get sequenceLock unlocked...
S0N0: 2023/09/13 18:17:01 messageHandle.go:94: S0N0 : received the Prepare ...
S0N0: 2023/09/13 18:17:01 messageHandle.go:151: S0N0 received the Commit from ...3
S0N0: 2023/09/13 18:17:06 messageHandle.go:28: S0N0 get sequenceLock locked, now trying to propose...
S0N0: 2023/09/13 18:17:06 messageHandle.go:35: S0N0 put the request into the pool ...
S0N0: 2023/09/13 18:17:06 messageHandle.go:94: S0N0 : received the Prepare ...
S0N0: 2023/09/13 18:17:06 messageHandle.go:94: S0N0 : received the Prepare ...
S0N0: 2023/09/13 18:17:06 messageHandle.go:125: S0N0 : is going to commit
S0N0: 2023/09/13 18:17:06 messageHandle.go:139: S0N0 : commit is broadcast
S0N0: 2023/09/13 18:17:06 messageHandle.go:94: S0N0 : received the Prepare ...
S0N0: 2023/09/13 18:17:06 messageHandle.go:151: S0N0 received the Commit from ...2
S0N0: 2023/09/13 18:17:06 messageHandle.go:151: S0N0 received the Commit from ...1
S0N0: 2023/09/13 18:17:06 messageHandle.go:163: S0N0 : has received 2f + 1 commits ... 
S0N0: 2023/09/13 18:17:06 pbftInside_modCLPABroker.go:87: S0N0 : adding the block 7...now height = 6 
S0N0: 2023/09/13 18:17:06 pbftInside_modCLPABroker.go:89: S0N0 : added the block 7... 
S0N0: 2023/09/13 18:17:06 pbftInside_modCLPABroker.go:94: S0N0 : main node is trying to send broker confirm txs at height = 7 
S0N0: 2023/09/13 18:17:06 pbftInside_modCLPABroker.go:173: S0N0 : sended excuted txs
S0N0: 2023/09/13 18:17:06 messageHandle.go:192: S0N0: this round of pbft 7 is end 
S0N0: 2023/09/13 18:17:06 messageHandle.go:199: S0N0 get sequenceLock unlocked...
S0N0: 2023/09/13 18:17:06 messageHandle.go:151: S0N0 received the Commit from ...3
S0N0: 2023/09/13 18:17:11 messageHandle.go:28: S0N0 get sequenceLock locked, now trying to propose...
S0N0: 2023/09/13 18:17:11 messageHandle.go:35: S0N0 put the request into the pool ...
S0N0: 2023/09/13 18:17:11 messageHandle.go:94: S0N0 : received the Prepare ...
S0N0: 2023/09/13 18:17:11 messageHandle.go:94: S0N0 : received the Prepare ...
S0N0: 2023/09/13 18:17:11 messageHandle.go:125: S0N0 : is going to commit
S0N0: 2023/09/13 18:17:11 messageHandle.go:139: S0N0 : commit is broadcast
S0N0: 2023/09/13 18:17:11 messageHandle.go:151: S0N0 received the Commit from ...1
S0N0: 2023/09/13 18:17:11 messageHandle.go:94: S0N0 : received the Prepare ...
S0N0: 2023/09/13 18:17:11 messageHandle.go:151: S0N0 received the Commit from ...3
S0N0: 2023/09/13 18:17:11 messageHandle.go:163: S0N0 : has received 2f + 1 commits ... 
S0N0: 2023/09/13 18:17:11 pbftInside_modCLPABroker.go:87: S0N0 : adding the block 8...now height = 7 
S0N0: 2023/09/13 18:17:11 pbftInside_modCLPABroker.go:89: S0N0 : added the block 8... 
S0N0: 2023/09/13 18:17:11 pbftInside_modCLPABroker.go:94: S0N0 : main node is trying to send broker confirm txs at height = 8 
S0N0: 2023/09/13 18:17:11 pbftInside_modCLPABroker.go:173: S0N0 : sended excuted txs
S0N0: 2023/09/13 18:17:11 messageHandle.go:192: S0N0: this round of pbft 8 is end 
S0N0: 2023/09/13 18:17:11 messageHandle.go:199: S0N0 get sequenceLock unlocked...
S0N0: 2023/09/13 18:17:11 messageHandle.go:151: S0N0 received the Commit from ...2
S0N0: 2023/09/13 18:17:16 messageHandle.go:28: S0N0 get sequenceLock locked, now trying to propose...
S0N0: 2023/09/13 18:17:16 messageHandle.go:35: S0N0 put the request into the pool ...
S0N0: 2023/09/13 18:17:16 messageHandle.go:94: S0N0 : received the Prepare ...
S0N0: 2023/09/13 18:17:16 messageHandle.go:94: S0N0 : received the Prepare ...
S0N0: 2023/09/13 18:17:16 messageHandle.go:125: S0N0 : is going to commit
S0N0: 2023/09/13 18:17:16 messageHandle.go:139: S0N0 : commit is broadcast
S0N0: 2023/09/13 18:17:16 messageHandle.go:151: S0N0 received the Commit from ...3
S0N0: 2023/09/13 18:17:16 messageHandle.go:94: S0N0 : received the Prepare ...
S0N0: 2023/09/13 18:17:16 messageHandle.go:151: S0N0 received the Commit from ...2
S0N0: 2023/09/13 18:17:16 messageHandle.go:163: S0N0 : has received 2f + 1 commits ... 
S0N0: 2023/09/13 18:17:16 pbftInside_modCLPABroker.go:87: S0N0 : adding the block 9...now height = 8 
S0N0: 2023/09/13 18:17:16 pbftInside_modCLPABroker.go:89: S0N0 : added the block 9... 
S0N0: 2023/09/13 18:17:16 pbftInside_modCLPABroker.go:94: S0N0 : main node is trying to send broker confirm txs at height = 9 
S0N0: 2023/09/13 18:17:16 pbftInside_modCLPABroker.go:173: S0N0 : sended excuted txs
S0N0: 2023/09/13 18:17:16 messageHandle.go:192: S0N0: this round of pbft 9 is end 
S0N0: 2023/09/13 18:17:16 messageHandle.go:199: S0N0 get sequenceLock unlocked...
S0N0: 2023/09/13 18:17:16 messageHandle.go:151: S0N0 received the Commit from ...1
S0N0: 2023/09/13 18:17:17 pbft.go:253: handling stop message
S0N0: 2023/09/13 18:17:21 messageHandle.go:28: S0N0 get sequenceLock locked, now trying to propose...
S0N0: 2023/09/13 18:17:21 messageHandle.go:35: S0N0 put the request into the pool ...
S0N0: 2023/09/13 18:17:21 messageHandle.go:21: S0N0 stop...
